[18-Nov-2020 16:12:18 UTC] Enabled PHP logging
[18-Nov-2020 16:12:18 UTC] Enabled PHP logging
Logger:         	MadelineProto
Logger:         	Copyright (C) 2016-2020 Daniil Gentili
Logger:         	Licensed under AGPLv3
Logger:         	https://github.com/danog/MadelineProto
API:            	Shutting down MadelineProto (API)
[18-Nov-2020 16:29:11 UTC] Enabled PHP logging
[18-Nov-2020 16:29:11 UTC] Enabled PHP logging
Logger:         	MadelineProto
Logger:         	Copyright (C) 2016-2020 Daniil Gentili
Logger:         	Licensed under AGPLv3
Logger:         	https://github.com/danog/MadelineProto
API:            	Shutting down MadelineProto (API)
[18-Nov-2020 16:35:35 UTC] Enabled PHP logging
[18-Nov-2020 16:35:58 UTC] Enabled PHP logging
[18-Nov-2020 16:47:21 UTC] Enabled PHP logging
[18-Nov-2020 16:47:21 UTC] Enabled PHP logging
Logger:         	MadelineProto
Logger:         	Copyright (C) 2016-2020 Daniil Gentili
Logger:         	Licensed under AGPLv3
Logger:         	https://github.com/danog/MadelineProto
Serialization:  	Waiting for shared lock of serialization lockfile...
Serialization:  	Shared lock acquired, deserializing...
API:            	Shutting down MadelineProto (API)
[18-Nov-2020 16:58:29 UTC] Enabled PHP logging
[18-Nov-2020 17:00:40 UTC] Enabled PHP logging
[18-Nov-2020 17:01:03 UTC] Enabled PHP logging
[18-Nov-2020 17:01:30 UTC] Enabled PHP logging
[18-Nov-2020 17:02:00 UTC] Enabled PHP logging
[18-Nov-2020 17:02:46 UTC] Enabled PHP logging
[18-Nov-2020 17:10:07 UTC] Enabled PHP logging
[18-Nov-2020 17:10:15 UTC] Enabled PHP logging
[18-Nov-2020 17:10:38 UTC] Enabled PHP logging
[18-Nov-2020 17:13:26 UTC] Enabled PHP logging
[18-Nov-2020 17:14:34 UTC] Enabled PHP logging
[18-Nov-2020 17:15:36 UTC] Enabled PHP logging
[18-Nov-2020 17:15:41 UTC] Enabled PHP logging
[18-Nov-2020 17:15:49 UTC] Enabled PHP logging
[18-Nov-2020 17:16:06 UTC] Enabled PHP logging
[18-Nov-2020 17:16:39 UTC] Enabled PHP logging
[18-Nov-2020 17:16:48 UTC] Enabled PHP logging
[18-Nov-2020 17:18:43 UTC] Enabled PHP logging
[18-Nov-2020 17:18:57 UTC] Enabled PHP logging
[18-Nov-2020 17:19:22 UTC] Enabled PHP logging
[18-Nov-2020 17:21:41 UTC] Enabled PHP logging
[18-Nov-2020 17:21:56 UTC] Enabled PHP logging
[18-Nov-2020 17:27:54 UTC] Enabled PHP logging
[18-Nov-2020 17:29:36 UTC] Enabled PHP logging
[18-Nov-2020 17:32:31 UTC] Enabled PHP logging
[18-Nov-2020 17:34:55 UTC] Enabled PHP logging
[18-Nov-2020 17:35:11 UTC] Enabled PHP logging
[18-Nov-2020 17:35:55 UTC] Enabled PHP logging
[18-Nov-2020 17:36:39 UTC] Enabled PHP logging
[18-Nov-2020 17:38:00 UTC] Enabled PHP logging
[18-Nov-2020 17:38:20 UTC] Enabled PHP logging
[18-Nov-2020 17:41:57 UTC] Enabled PHP logging
[18-Nov-2020 17:43:13 UTC] Enabled PHP logging
[18-Nov-2020 17:44:06 UTC] Enabled PHP logging
[18-Nov-2020 17:44:48 UTC] Enabled PHP logging
[18-Nov-2020 17:45:17 UTC] Enabled PHP logging
[18-Nov-2020 17:52:13 UTC] Enabled PHP logging
[18-Nov-2020 17:52:27 UTC] Enabled PHP logging
[18-Nov-2020 17:54:36 UTC] Enabled PHP logging
[18-Nov-2020 17:54:55 UTC] Enabled PHP logging
[18-Nov-2020 17:56:22 UTC] Enabled PHP logging
[18-Nov-2020 17:57:26 UTC] Enabled PHP logging
[18-Nov-2020 17:57:59 UTC] Enabled PHP logging
[18-Nov-2020 17:59:55 UTC] Enabled PHP logging
[18-Nov-2020 18:00:32 UTC] Enabled PHP logging
[18-Nov-2020 18:00:48 UTC] Enabled PHP logging
[18-Nov-2020 18:01:19 UTC] Enabled PHP logging
[18-Nov-2020 18:01:24 UTC] Enabled PHP logging
[18-Nov-2020 18:04:33 UTC] Enabled PHP logging
[18-Nov-2020 18:05:08 UTC] Enabled PHP logging
[18-Nov-2020 18:06:26 UTC] Enabled PHP logging
[18-Nov-2020 18:09:41 UTC] Enabled PHP logging
[18-Nov-2020 18:10:24 UTC] Enabled PHP logging
[18-Nov-2020 18:11:43 UTC] Enabled PHP logging
[18-Nov-2020 18:11:52 UTC] Enabled PHP logging
[18-Nov-2020 18:13:16 UTC] Enabled PHP logging
[18-Nov-2020 18:20:09 UTC] Enabled PHP logging
[18-Nov-2020 18:21:21 UTC] Enabled PHP logging
[18-Nov-2020 18:24:29 UTC] Enabled PHP logging
[18-Nov-2020 18:26:04 UTC] Enabled PHP logging
[18-Nov-2020 18:30:16 UTC] Enabled PHP logging
[18-Nov-2020 18:30:40 UTC] Enabled PHP logging
[18-Nov-2020 18:31:03 UTC] Enabled PHP logging
[18-Nov-2020 18:31:34 UTC] Enabled PHP logging
[18-Nov-2020 18:39:27 UTC] Enabled PHP logging
[18-Nov-2020 18:40:12 UTC] Enabled PHP logging
[18-Nov-2020 18:42:10 UTC] Enabled PHP logging
[18-Nov-2020 18:50:57 UTC] Enabled PHP logging
[18-Nov-2020 18:53:42 UTC] Enabled PHP logging
[18-Nov-2020 18:59:45 UTC] Enabled PHP logging
[18-Nov-2020 19:00:04 UTC] Enabled PHP logging
[18-Nov-2020 19:00:43 UTC] Enabled PHP logging
[18-Nov-2020 19:05:17 UTC] Enabled PHP logging
[18-Nov-2020 20:22:19 UTC] Enabled PHP logging
[18-Nov-2020 20:22:39 UTC] Enabled PHP logging
[18-Nov-2020 20:40:46 UTC] Enabled PHP logging
[18-Nov-2020 21:35:28 UTC] Enabled PHP logging
[18-Nov-2020 22:21:28 UTC] Enabled PHP logging
[19-Nov-2020 01:36:22 UTC] Enabled PHP logging
[19-Nov-2020 15:44:01 UTC] Enabled PHP logging
[19-Nov-2020 15:57:22 UTC] Enabled PHP logging
[19-Nov-2020 15:57:40 UTC] Enabled PHP logging
[19-Nov-2020 16:03:58 UTC] Enabled PHP logging
[19-Nov-2020 16:05:20 UTC] Enabled PHP logging
[19-Nov-2020 16:10:14 UTC] Enabled PHP logging
[19-Nov-2020 16:10:20 UTC] Enabled PHP logging
[19-Nov-2020 16:23:48 UTC] Enabled PHP logging
[19-Nov-2020 17:24:52 UTC] Enabled PHP logging
[19-Nov-2020 17:34:08 UTC] Enabled PHP logging
[19-Nov-2020 17:43:11 UTC] Enabled PHP logging
[19-Nov-2020 17:43:17 UTC] Enabled PHP logging
[19-Nov-2020 17:43:21 UTC] Enabled PHP logging
[19-Nov-2020 17:47:13 UTC] Enabled PHP logging
[19-Nov-2020 17:54:26 UTC] Enabled PHP logging
[19-Nov-2020 17:55:03 UTC] Enabled PHP logging
[19-Nov-2020 18:01:24 UTC] Enabled PHP logging
[19-Nov-2020 18:01:28 UTC] Enabled PHP logging
[19-Nov-2020 18:08:02 UTC] Enabled PHP logging
[19-Nov-2020 18:08:16 UTC] Enabled PHP logging
[19-Nov-2020 18:08:39 UTC] Enabled PHP logging
[19-Nov-2020 18:13:24 UTC] Enabled PHP logging
[19-Nov-2020 18:20:09 UTC] Enabled PHP logging
[19-Nov-2020 18:20:13 UTC] Enabled PHP logging
[20-Nov-2020 20:44:53 UTC] Enabled PHP logging
[20-Nov-2020 20:46:03 UTC] Enabled PHP logging
[20-Nov-2020 21:04:41 UTC] Enabled PHP logging
[20-Nov-2020 21:09:57 UTC] Enabled PHP logging
[20-Nov-2020 21:13:44 UTC] Enabled PHP logging
[21-Nov-2020 09:05:20 UTC] Enabled PHP logging
[21-Nov-2020 09:09:38 UTC] Enabled PHP logging
